INFO  | 2021-09-15 17:46:04 | [main] javapractice.App (App.java:17) - Hello, WorldWill Be Printed On Info
WARN  | 2021-09-15 17:46:04 | [main] javapractice.App (App.java:18) - Hello, WorldWill Be Printed On Warn
ERROR | 2021-09-15 17:46:04 | [main] javapractice.App (App.java:19) - Hello, WorldWill Be Printed On Error
FATAL | 2021-09-15 17:46:04 | [main] javapractice.App (App.java:20) - Hello, WorldWill Be Printed On Fatal
INFO  | 2021-09-15 17:46:04 | [main] javapractice.App (App.java:21) - Appending string: Hello, World.
INFO  | 2021-09-15 17:47:03 | [main] javapractice.App (App.java:17) - Hello, WorldWill Be Printed On Info
WARN  | 2021-09-15 17:47:03 | [main] javapractice.App (App.java:18) - Hello, WorldWill Be Printed On Warn
ERROR | 2021-09-15 17:47:03 | [main] javapractice.App (App.java:19) - Hello, WorldWill Be Printed On Error
FATAL | 2021-09-15 17:47:03 | [main] javapractice.App (App.java:20) - Hello, WorldWill Be Printed On Fatal
INFO  | 2021-09-15 17:47:03 | [main] javapractice.App (App.java:21) - Appending string: Hello, World.
DEBUG | 2021-09-15 17:49:03 | [main] javapractice.App (App.java:16) - Hello, WorldWill Be Printed On Debug
INFO  | 2021-09-15 17:49:03 | [main] javapractice.App (App.java:17) - Hello, WorldWill Be Printed On Info
WARN  | 2021-09-15 17:49:03 | [main] javapractice.App (App.java:18) - Hello, WorldWill Be Printed On Warn
ERROR | 2021-09-15 17:49:03 | [main] javapractice.App (App.java:19) - Hello, WorldWill Be Printed On Error
FATAL | 2021-09-15 17:49:03 | [main] javapractice.App (App.java:20) - Hello, WorldWill Be Printed On Fatal
INFO  | 2021-09-15 17:49:03 | [main] javapractice.App (App.java:21) - Appending string: Hello, World.
DEBUG | 2021-09-16 12:57:38 | [main] javapractice.App (App.java:16) - Hello, WorldWill Be Printed On Debug
INFO  | 2021-09-16 12:57:38 | [main] javapractice.App (App.java:17) - Hello, WorldWill Be Printed On Info
WARN  | 2021-09-16 12:57:38 | [main] javapractice.App (App.java:18) - Hello, WorldWill Be Printed On Warn
ERROR | 2021-09-16 12:57:38 | [main] javapractice.App (App.java:19) - Hello, WorldWill Be Printed On Error
FATAL | 2021-09-16 12:57:38 | [main] javapractice.App (App.java:20) - Hello, WorldWill Be Printed On Fatal
INFO  | 2021-09-16 12:57:38 | [main] javapractice.App (App.java:21) - Appending string: Hello, World.
